mode: set
assignments-my828/servers/gateway/handlers/myMockStore.go:13.50,18.2 1 1
assignments-my828/servers/gateway/handlers/myMockStore.go:20.63,22.13 1 1
assignments-my828/servers/gateway/handlers/myMockStore.go:26.2,26.21 1 1
assignments-my828/servers/gateway/handlers/myMockStore.go:22.13,24.3 1 1
assignments-my828/servers/gateway/handlers/myMockStore.go:29.70,31.36 1 1
assignments-my828/servers/gateway/handlers/myMockStore.go:34.2,34.21 1 1
assignments-my828/servers/gateway/handlers/myMockStore.go:31.36,33.3 1 0
assignments-my828/servers/gateway/handlers/myMockStore.go:36.76,38.27 1 0
assignments-my828/servers/gateway/handlers/myMockStore.go:42.2,42.22 1 0
assignments-my828/servers/gateway/handlers/myMockStore.go:38.27,40.3 1 0
assignments-my828/servers/gateway/handlers/myMockStore.go:45.70,46.31 1 1
assignments-my828/servers/gateway/handlers/myMockStore.go:52.2,52.21 1 1
assignments-my828/servers/gateway/handlers/myMockStore.go:46.31,48.3 1 0
assignments-my828/servers/gateway/handlers/myMockStore.go:55.86,56.13 1 1
assignments-my828/servers/gateway/handlers/myMockStore.go:59.2,61.21 3 1
assignments-my828/servers/gateway/handlers/myMockStore.go:56.13,58.3 1 0
assignments-my828/servers/gateway/handlers/myMockStore.go:64.47,65.13 1 0
assignments-my828/servers/gateway/handlers/myMockStore.go:68.2,68.12 1 0
assignments-my828/servers/gateway/handlers/myMockStore.go:65.13,67.3 1 0
assignments-my828/servers/gateway/handlers/myMockStore.go:71.67,73.2 1 1
assignments-my828/servers/gateway/handlers/summary.go:47.61,72.15 3 1
assignments-my828/servers/gateway/handlers/summary.go:76.2,77.16 2 1
assignments-my828/servers/gateway/handlers/summary.go:82.2,83.16 2 1
assignments-my828/servers/gateway/handlers/summary.go:88.2,91.17 4 1
assignments-my828/servers/gateway/handlers/summary.go:72.15,75.3 2 0
assignments-my828/servers/gateway/handlers/summary.go:77.16,80.3 2 0
assignments-my828/servers/gateway/handlers/summary.go:83.16,86.3 2 0
assignments-my828/servers/gateway/handlers/summary.go:97.55,113.16 2 1
assignments-my828/servers/gateway/handlers/summary.go:116.2,116.28 1 1
assignments-my828/servers/gateway/handlers/summary.go:119.2,120.44 2 1
assignments-my828/servers/gateway/handlers/summary.go:123.2,123.23 1 1
assignments-my828/servers/gateway/handlers/summary.go:113.16,115.3 1 0
assignments-my828/servers/gateway/handlers/summary.go:116.28,118.3 1 1
assignments-my828/servers/gateway/handlers/summary.go:120.44,122.3 1 1
assignments-my828/servers/gateway/handlers/summary.go:127.55,128.21 1 1
assignments-my828/servers/gateway/handlers/summary.go:139.2,139.17 1 1
assignments-my828/servers/gateway/handlers/summary.go:128.21,130.17 2 1
assignments-my828/servers/gateway/handlers/summary.go:133.3,134.17 2 1
assignments-my828/servers/gateway/handlers/summary.go:137.3,137.56 1 1
assignments-my828/servers/gateway/handlers/summary.go:130.17,132.4 1 0
assignments-my828/servers/gateway/handlers/summary.go:134.17,136.4 1 0
assignments-my828/servers/gateway/handlers/summary.go:144.85,163.6 4 1
assignments-my828/servers/gateway/handlers/summary.go:280.2,280.16 1 1
assignments-my828/servers/gateway/handlers/summary.go:163.6,167.35 4 1
assignments-my828/servers/gateway/handlers/summary.go:175.3,175.79 1 1
assignments-my828/servers/gateway/handlers/summary.go:167.35,169.39 2 1
assignments-my828/servers/gateway/handlers/summary.go:172.4,172.72 1 0
assignments-my828/servers/gateway/handlers/summary.go:169.39,170.10 1 1
assignments-my828/servers/gateway/handlers/summary.go:175.79,176.38 1 1
assignments-my828/servers/gateway/handlers/summary.go:176.38,177.37 1 1
assignments-my828/servers/gateway/handlers/summary.go:177.37,180.50 3 1
assignments-my828/servers/gateway/handlers/summary.go:180.50,181.39 1 1
assignments-my828/servers/gateway/handlers/summary.go:181.39,184.31 3 1
assignments-my828/servers/gateway/handlers/summary.go:184.31,185.23 1 1
assignments-my828/servers/gateway/handlers/summary.go:186.24,187.26 1 1
assignments-my828/servers/gateway/handlers/summary.go:188.23,189.25 1 1
assignments-my828/servers/gateway/handlers/summary.go:190.25,191.27 1 1
assignments-my828/servers/gateway/handlers/summary.go:192.29,193.30 1 1
assignments-my828/servers/gateway/handlers/summary.go:194.31,195.33 1 1
assignments-my828/servers/gateway/handlers/summary.go:196.28,197.34 1 1
assignments-my828/servers/gateway/handlers/summary.go:200.25,205.24 5 1
assignments-my828/servers/gateway/handlers/summary.go:208.10,208.41 1 1
assignments-my828/servers/gateway/handlers/summary.go:209.36,211.24 2 1
assignments-my828/servers/gateway/handlers/summary.go:214.10,214.47 1 1
assignments-my828/servers/gateway/handlers/summary.go:215.30,216.45 1 1
assignments-my828/servers/gateway/handlers/summary.go:217.32,219.24 2 1
assignments-my828/servers/gateway/handlers/summary.go:222.10,222.47 1 1
assignments-my828/servers/gateway/handlers/summary.go:223.31,225.24 2 1
assignments-my828/servers/gateway/handlers/summary.go:228.10,228.45 1 1
assignments-my828/servers/gateway/handlers/summary.go:229.29,230.44 1 1
assignments-my828/servers/gateway/handlers/summary.go:231.23,232.30 1 1
assignments-my828/servers/gateway/handlers/summary.go:233.25,235.43 2 1
assignments-my828/servers/gateway/handlers/summary.go:197.34,199.11 1 1
assignments-my828/servers/gateway/handlers/summary.go:205.24,207.11 1 0
assignments-my828/servers/gateway/handlers/summary.go:211.24,213.11 1 0
assignments-my828/servers/gateway/handlers/summary.go:219.24,221.11 1 0
assignments-my828/servers/gateway/handlers/summary.go:225.24,227.11 1 0
assignments-my828/servers/gateway/handlers/summary.go:235.43,237.11 1 1
assignments-my828/servers/gateway/handlers/summary.go:241.12,241.52 1 1
assignments-my828/servers/gateway/handlers/summary.go:241.52,243.39 2 1
assignments-my828/servers/gateway/handlers/summary.go:267.7,267.21 1 1
assignments-my828/servers/gateway/handlers/summary.go:243.39,245.24 2 1
assignments-my828/servers/gateway/handlers/summary.go:246.20,248.23 2 1
assignments-my828/servers/gateway/handlers/summary.go:251.9,251.23 1 1
assignments-my828/servers/gateway/handlers/summary.go:252.21,253.25 1 1
assignments-my828/servers/gateway/handlers/summary.go:263.20,264.24 1 1
assignments-my828/servers/gateway/handlers/summary.go:248.23,250.10 1 0
assignments-my828/servers/gateway/handlers/summary.go:253.25,257.24 4 1
assignments-my828/servers/gateway/handlers/summary.go:260.10,261.28 2 1
assignments-my828/servers/gateway/handlers/summary.go:257.24,259.11 1 0
assignments-my828/servers/gateway/handlers/summary.go:270.10,270.29 1 1
assignments-my828/servers/gateway/handlers/summary.go:270.29,271.23 1 1
assignments-my828/servers/gateway/handlers/summary.go:271.23,273.37 2 1
assignments-my828/servers/gateway/handlers/summary.go:273.37,275.7 1 1
assignments-my828/servers/gateway/handlers/auth.go:31.90,37.2 1 0
assignments-my828/servers/gateway/handlers/auth.go:39.72,40.33 1 1
assignments-my828/servers/gateway/handlers/auth.go:40.33,41.75 1 1
assignments-my828/servers/gateway/handlers/auth.go:46.3,47.65 2 1
assignments-my828/servers/gateway/handlers/auth.go:53.3,54.17 2 1
assignments-my828/servers/gateway/handlers/auth.go:60.3,61.17 2 1
assignments-my828/servers/gateway/handlers/auth.go:66.3,74.17 4 1
assignments-my828/servers/gateway/handlers/auth.go:78.3,80.57 3 1
assignments-my828/servers/gateway/handlers/auth.go:41.75,44.4 2 1
assignments-my828/servers/gateway/handlers/auth.go:47.65,51.4 2 1
assignments-my828/servers/gateway/handlers/auth.go:54.17,57.4 2 1
assignments-my828/servers/gateway/handlers/auth.go:61.17,64.4 2 0
assignments-my828/servers/gateway/handlers/auth.go:74.17,77.4 2 0
assignments-my828/servers/gateway/handlers/auth.go:80.57,82.4 1 0
assignments-my828/servers/gateway/handlers/auth.go:83.8,86.3 2 1
assignments-my828/servers/gateway/handlers/auth.go:89.79,92.78 2 1
assignments-my828/servers/gateway/handlers/auth.go:96.2,98.18 2 1
assignments-my828/servers/gateway/handlers/auth.go:92.78,95.3 2 0
assignments-my828/servers/gateway/handlers/auth.go:99.22,101.17 2 1
assignments-my828/servers/gateway/handlers/auth.go:106.3,107.17 2 1
assignments-my828/servers/gateway/handlers/auth.go:112.3,114.57 3 1
assignments-my828/servers/gateway/handlers/auth.go:119.24,120.23 1 1
assignments-my828/servers/gateway/handlers/auth.go:133.3,133.75 1 1
assignments-my828/servers/gateway/handlers/auth.go:138.3,139.64 2 1
assignments-my828/servers/gateway/handlers/auth.go:145.3,146.17 2 1
assignments-my828/servers/gateway/handlers/auth.go:151.3,153.57 3 1
assignments-my828/servers/gateway/handlers/auth.go:158.10,160.9 2 1
assignments-my828/servers/gateway/handlers/auth.go:101.17,105.4 2 1
assignments-my828/servers/gateway/handlers/auth.go:107.17,110.4 2 1
assignments-my828/servers/gateway/handlers/auth.go:114.57,118.4 2 0
assignments-my828/servers/gateway/handlers/auth.go:120.23,122.18 2 1
assignments-my828/servers/gateway/handlers/auth.go:127.4,127.39 1 1
assignments-my828/servers/gateway/handlers/auth.go:122.18,126.5 2 1
assignments-my828/servers/gateway/handlers/auth.go:127.39,130.5 2 1
assignments-my828/servers/gateway/handlers/auth.go:133.75,136.4 2 1
assignments-my828/servers/gateway/handlers/auth.go:139.64,143.4 2 1
assignments-my828/servers/gateway/handlers/auth.go:146.17,149.4 2 0
assignments-my828/servers/gateway/handlers/auth.go:153.57,157.4 2 0
assignments-my828/servers/gateway/handlers/auth.go:164.75,165.33 1 1
assignments-my828/servers/gateway/handlers/auth.go:165.33,166.75 1 1
assignments-my828/servers/gateway/handlers/auth.go:170.3,171.69 2 1
assignments-my828/servers/gateway/handlers/auth.go:176.3,177.17 2 1
assignments-my828/servers/gateway/handlers/auth.go:185.3,185.64 1 1
assignments-my828/servers/gateway/handlers/auth.go:191.3,197.37 3 1
assignments-my828/servers/gateway/handlers/auth.go:201.3,206.59 2 1
assignments-my828/servers/gateway/handlers/auth.go:210.3,213.57 4 1
assignments-my828/servers/gateway/handlers/auth.go:166.75,169.4 2 1
assignments-my828/servers/gateway/handlers/auth.go:171.69,175.4 2 1
assignments-my828/servers/gateway/handlers/auth.go:177.17,183.4 3 0
assignments-my828/servers/gateway/handlers/auth.go:185.64,189.4 2 0
assignments-my828/servers/gateway/handlers/auth.go:197.37,199.4 1 0
assignments-my828/servers/gateway/handlers/auth.go:206.59,209.4 2 0
assignments-my828/servers/gateway/handlers/auth.go:213.57,216.4 2 0
assignments-my828/servers/gateway/handlers/auth.go:217.8,220.3 2 1
assignments-my828/servers/gateway/handlers/auth.go:223.82,224.35 1 1
assignments-my828/servers/gateway/handlers/auth.go:224.35,226.21 2 1
assignments-my828/servers/gateway/handlers/auth.go:230.3,232.32 3 1
assignments-my828/servers/gateway/handlers/auth.go:226.21,229.4 2 1
assignments-my828/servers/gateway/handlers/auth.go:233.8,236.3 2 1
assignments-my828/servers/gateway/handlers/cors.go:25.55,27.2 1 1
assignments-my828/servers/gateway/handlers/cors.go:29.66,36.2 6 1
